Arguments: 
  /Users/nguyenvannhan/.fnm/node-versions/v14.17.6/installation/bin/node /var/folders/q0/qtsylmc50td53rkj8mvks1h00000gn/T/fnm_multishells/57594_1630563819990/bin/yarn add express yup confi cors mongoose pino pino-pretty dayjs bcrypt jsonwebtoken lodash nonoid

PATH: 
  /var/folders/q0/qtsylmc50td53rkj8mvks1h00000gn/T/fnm_multishells/57594_1630563819990/bin:/Users/nguyenvannhan/.fnm:/usr/local/bin:/usr/bin:/bin:/usr/sbin:/sbin:/Library/Apple/usr/bin:/Users/nguyenvannhan/www/mine/node-ts-rest-api/node_modules/.bin:/Users/nguyenvannhan/.sdkman/candidates/java/current/bin:/var/folders/q0/qtsylmc50td53rkj8mvks1h00000gn/T/fnm_multishells/1031_1630521041498/bin:/Users/nguyenvannhan/.fnm

Yarn version: 
  1.22.11

Node version: 
  14.17.6

Platform: 
  darwin x64

Trace: 
  Error: https://registry.yarnpkg.com/nonoid: Not found
      at Request.params.callback [as _callback] (/Users/nguyenvannhan/.fnm/node-versions/v14.17.6/installation/lib/node_modules/yarn/lib/cli.js:66992:18)
      at Request.self.callback (/Users/nguyenvannhan/.fnm/node-versions/v14.17.6/installation/lib/node_modules/yarn/lib/cli.js:140763:22)
      at Request.emit (events.js:400:28)
      at Request.<anonymous> (/Users/nguyenvannhan/.fnm/node-versions/v14.17.6/installation/lib/node_modules/yarn/lib/cli.js:141735:10)
      at Request.emit (events.js:400:28)
      at IncomingMessage.<anonymous> (/Users/nguyenvannhan/.fnm/node-versions/v14.17.6/installation/lib/node_modules/yarn/lib/cli.js:141657:12)
      at Object.onceWrapper (events.js:519:28)
      at IncomingMessage.emit (events.js:412:35)
      at endReadableNT (internal/streams/readable.js:1317:12)
      at processTicksAndRejections (internal/process/task_queues.js:82:21)

npm manifest: 
  {
    "name": "node-ts-rest-api",
    "version": "1.0.0",
    "main": "index.js",
    "license": "MIT"
  }

yarn manifest: 
  No manifest

Lockfile: 
  No lockfile
